<?xml version="1.0" encoding="utf-8"?><testsuites name="pytest tests"><testsuite name="pytest" errors="0" failures="0" skipped="0" tests="25" time="4.392" timestamp="2026-08-29T08:43:41.504240+00:00" hostname="agent-env-f77be5c2-ed15-46e1-976a-c8d36cd6a3d0"><testcase classname="tests.backend_test.TestAuth" name="test_login_invalid" time="0.423" /><testcase classname="tests.backend_test.TestAuth" name="test_login_success_and_me" time="0.430" /><testcase classname="tests.backend_test.TestAuth" name="test_me_unauthenticated" time="0.102" /><testcase classname="tests.backend_test.TestAuth" name="test_forgot_password_generic_response" time="0.326" /><testcase classname="tests.backend_test.TestSettings" name="test_get_and_update_currency" time="0.298" /><testcase classname="tests.backend_test.TestClients" name="test_create_and_get" time="0.115" /><testcase classname="tests.backend_test.TestClients" name="test_list_and_search" time="0.106" /><testcase classname="tests.backend_test.TestClients" name="test_status_filter" time="0.101" /><testcase classname="tests.backend_test.TestProjectFlow" name="test_add_project_service" time="0.060" /><testcase classname="tests.backend_test.TestProjectFlow" name="test_create_invoice_for_project" time="0.055" /><testcase classname="tests.backend_test.TestProjectFlow" name="test_full_payment_marks_paid" time="0.147" /><testcase classname="tests.backend_test.TestProjectFlow" name="test_pdf_download" time="0.167" /><testcase classname="tests.backend_test.TestMonthlyFlow" name="test_add_monthly_service" time="0.058" /><testcase classname="tests.backend_test.TestMonthlyFlow" name="test_generate_next_three_months" time="0.288" /><testcase classname="tests.backend_test.TestMonthlyFlow" name="test_service_edit_does_not_duplicate" time="0.244" /><testcase classname="tests.backend_test.TestMonthlyFlow" name="test_partial_then_full_payment" time="0.304" /><testcase classname="tests.backend_test.TestMonthlyFlow" name="test_mark_paid_endpoint" time="0.050" /><testcase classname="tests.backend_test.TestInvoicesList" name="test_list_search_filter" time="0.284" /><testcase classname="tests.backend_test.TestPayments" name="test_list_payments" time="0.095" /><testcase classname="tests.backend_test.TestPayments" name="test_filter_by_method" time="0.101" /><testcase classname="tests.backend_test.TestLeads" name="test_create_lead" time="0.049" /><testcase classname="tests.backend_test.TestLeads" name="test_move_stage" time="0.051" /><testcase classname="tests.backend_test.TestLeads" name="test_convert_to_client" time="0.134" /><testcase classname="tests.backend_test.TestExit" name="test_mark_exited" time="0.242" /><testcase classname="tests.backend_test.TestDashboard" name="test_dashboard_kpis" time="0.058" /></testsuite></testsuites>